<?xml version="1.0" encoding="UTF-8"?>
<!-- Generated by org.testng.reporters.JUnitReportReporter -->
<testsuite hostname="DESKTOP-FNF69NB" name="parallel.GridTest" tests="2" failures="0" timestamp="8 May 2017 21:00:01 GMT" time="59.076" errors="0">
  <testcase name="googleTest" time="31.487" classname="parallel.GridTest"/>
  <testcase name="googleTest" time="27.589" classname="parallel.GridTest"/>
</testsuite> <!-- parallel.GridTest -->
